<?xml version="1.0" encoding="UTF-8"?>
<!-- Generated by org.testng.reporters.JUnitReportReporter -->
<testsuite name="practicet1.test" tests="1" time="0.026" ignored="0" failures="0" timestamp="26 四月 2017 06:08:49 GMT" skipped="0" hostname="xy-PC" errors="0">
  <testcase name="testing" time="0.026" classname="practicet1.test"/>
</testsuite> <!-- practicet1.test -->
