<?xml version="1.0" encoding="UTF-8"?>
<!-- Generated by org.testng.reporters.JUnitReportReporter -->
<testsuite name="practicet1.TestBrowsers" tests="1" time="5.805" ignored="0" failures="0" timestamp="26 四月 2017 06:09:12 GMT" skipped="0" hostname="xy-PC" errors="0">
  <testcase name="start" time="5.805" classname="practicet1.TestBrowsers"/>
</testsuite> <!-- practicet1.TestBrowsers -->
